# JRE version: Java(TM) SE Runtime Environment (8.0_20-b26) (build 1.8.0_20-b26)
# Java VM: Java HotSpot(TM) 64-Bit Server VM (25.20-b23 mixed mode windows-amd64 compressed oops)
Heap:
 PSYoungGen      total 197120K, used 82695K [0x00000000eab00000, 0x00000000f9a80000, 0x0000000100000000)
  eden space 153600K, 38% used [0x00000000eab00000,0x00000000ee4cbf40,0x00000000f4100000)
  from space 43520K, 54% used [0x00000000f4100000,0x00000000f57f5db8,0x00000000f6b80000)
  to   space 43008K, 0% used [0x00000000f7080000,0x00000000f7080000,0x00000000f9a80000)
 ParOldGen       total 98304K, used 71119K [0x00000000c0000000, 0x00000000c6000000, 0x00000000eab00000)
  object space 98304K, 72% used [0x00000000c0000000,0x00000000c4573e50,0x00000000c6000000)
 Metaspace       used 81028K, capacity 85088K, committed 87424K, reserved 1124352K
  class space    used 10602K, capacity 11980K, committed 12672K, reserved 1048576K
GC Heap History (10 events):
Event: 1424.895 GC heap before
{Heap before GC invocations=30 (full 6):
 PSYoungGen      total 194048K, used 161792K [0x00000000eab00000, 0x00000000f9180000, 0x0000000100000000)
  eden space 161792K, 100% used [0x00000000eab00000,0x00000000f4900000,0x00000000f4900000)
  from space 32256K, 0% used [0x00000000f4900000,0x00000000f4900000,0x00000000f6880000)
  to   space 36864K, 0% used [0x00000000f6d80000,0x00000000f6d80000,0x00000000f9180000)
 ParOldGen       total 98304K, used 76444K [0x00000000c0000000, 0x00000000c6000000, 0x00000000eab00000)
  object space 98304K, 77% used [0x00000000c0000000,0x00000000c4aa72e8,0x00000000c6000000)
 Metaspace       used 68677K, capacity 73108K, committed 74112K, reserved 1112064K
  class space    used 9271K, capacity 10810K, committed 11136K, reserved 1048576K
Event: 1424.949 GC heap after
Heap after GC invocations=30 (full 6):
 PSYoungGen      total 197632K, used 24114K [0x00000000eab00000, 0x00000000f9d80000, 0x0000000100000000)
  eden space 160768K, 0% used [0x00000000eab00000,0x00000000eab00000,0x00000000f4800000)
  from space 36864K, 65% used [0x00000000f6d80000,0x00000000f850c958,0x00000000f9180000)
  to   space 38400K, 0% used [0x00000000f4800000,0x00000000f4800000,0x00000000f6d80000)
 ParOldGen       total 98304K, used 76444K [0x00000000c0000000, 0x00000000c6000000, 0x00000000eab00000)
  object space 98304K, 77% used [0x00000000c0000000,0x00000000c4aa72e8,0x00000000c6000000)
 Metaspace       used 68677K, capacity 73108K, committed 74112K, reserved 1112064K
  class space    used 9271K, capacity 10810K, committed 11136K, reserved 1048576K
}
Event: 41670.457 GC heap before
{Heap before GC invocations=31 (full 6):
 PSYoungGen      total 197632K, used 184882K [0x00000000eab00000, 0x00000000f9d80000, 0x0000000100000000)
  eden space 160768K, 100% used [0x00000000eab00000,0x00000000f4800000,0x00000000f4800000)
  from space 36864K, 65% used [0x00000000f6d80000,0x00000000f850c958,0x00000000f9180000)
  to   space 38400K, 0% used [0x00000000f4800000,0x00000000f4800000,0x00000000f6d80000)
 ParOldGen       total 98304K, used 76444K [0x00000000c0000000, 0x00000000c6000000, 0x00000000eab00000)
  object space 98304K, 77% used [0x00000000c0000000,0x00000000c4aa72e8,0x00000000c6000000)
 Metaspace       used 74523K, capacity 79840K, committed 80128K, reserved 1118208K
  class space    used 10080K, capacity 11889K, committed 12032K, reserved 1048576K
Event: 41670.905 GC heap after
Heap after GC invocations=31 (full 6):
 PSYoungGen      total 187904K, used 33107K [0x00000000eab00000, 0x00000000f9500000, 0x0000000100000000)
  eden space 154624K, 0% used [0x00000000eab00000,0x00000000eab00000,0x00000000f4200000)
  from space 33280K, 99% used [0x00000000f4800000,0x00000000f6854f78,0x00000000f6880000)
  to   space 42496K, 0% used [0x00000000f6b80000,0x00000000f6b80000,0x00000000f9500000)
 ParOldGen       total 98304K, used 76452K [0x00000000c0000000, 0x00000000c6000000, 0x00000000eab00000)
  object space 98304K, 77% used [0x00000000c0000000,0x00000000c4aa92e8,0x00000000c6000000)
 Metaspace       used 74523K, capacity 79840K, committed 80128K, reserved 1118208K
  class space    used 10080K, capacity 11889K, committed 12032K, reserved 1048576K
}
Event: 41673.763 GC heap before
{Heap before GC invocations=32 (full 6):
 PSYoungGen      total 187904K, used 130326K [0x00000000eab00000, 0x00000000f9500000, 0x0000000100000000)
  eden space 154624K, 62% used [0x00000000eab00000,0x00000000f09f0c10,0x00000000f4200000)
  from space 33280K, 99% used [0x00000000f4800000,0x00000000f6854f78,0x00000000f6880000)
  to   space 42496K, 0% used [0x00000000f6b80000,0x00000000f6b80000,0x00000000f9500000)
 ParOldGen       total 98304K, used 76452K [0x00000000c0000000, 0x00000000c6000000, 0x00000000eab00000)
  object space 98304K, 77% used [0x00000000c0000000,0x00000000c4aa92e8,0x00000000c6000000)
 Metaspace       used 77347K, capacity 83010K, committed 83072K, reserved 1120256K
  class space    used 10525K, capacity 12396K, committed 12416K, reserved 1048576K
Event: 41673.921 GC heap after
Heap after GC invocations=32 (full 6):
 PSYoungGen      total 196096K, used 26041K [0x00000000eab00000, 0x00000000f9700000, 0x0000000100000000)
  eden space 153600K, 0% used [0x00000000eab00000,0x00000000eab00000,0x00000000f4100000)
  from space 42496K, 61% used [0x00000000f6b80000,0x00000000f84ee738,0x00000000f9500000)
  to   space 43520K, 0% used [0x00000000f4100000,0x00000000f4100000,0x00000000f6b80000)
 ParOldGen       total 98304K, used 76460K [0x00000000c0000000, 0x00000000c6000000, 0x00000000eab00000)
  object space 98304K, 77% used [0x00000000c0000000,0x00000000c4aab2e8,0x00000000c6000000)
 Metaspace       used 77347K, capacity 83010K, committed 83072K, reserved 1120256K
  class space    used 10525K, capacity 12396K, committed 12416K, reserved 1048576K
}
Event: 41673.921 GC heap before
{Heap before GC invocations=33 (full 7):
 PSYoungGen      total 196096K, used 26041K [0x00000000eab00000, 0x00000000f9700000, 0x0000000100000000)
  eden space 153600K, 0% used [0x00000000eab00000,0x00000000eab00000,0x00000000f4100000)
  from space 42496K, 61% used [0x00000000f6b80000,0x00000000f84ee738,0x00000000f9500000)
  to   space 43520K, 0% used [0x00000000f4100000,0x00000000f4100000,0x00000000f6b80000)
 ParOldGen       total 98304K, used 76460K [0x00000000c0000000, 0x00000000c6000000, 0x00000000eab00000)
  object space 98304K, 77% used [0x00000000c0000000,0x00000000c4aab2e8,0x00000000c6000000)
 Metaspace       used 77347K, capacity 83010K, committed 83072K, reserved 1120256K
  class space    used 10525K, capacity 12396K, committed 12416K, reserved 1048576K
Event: 41676.066 GC heap after
Heap after GC invocations=33 (full 7):
 PSYoungGen      total 196096K, used 0K [0x00000000eab00000, 0x00000000f9700000, 0x0000000100000000)
  eden space 153600K, 0% used [0x00000000eab00000,0x00000000eab00000,0x00000000f4100000)
  from space 42496K, 0% used [0x00000000f6b80000,0x00000000f6b80000,0x00000000f9500000)
  to   space 43520K, 0% used [0x00000000f4100000,0x00000000f4100000,0x00000000f6b80000)
 ParOldGen       total 98304K, used 71111K [0x00000000c0000000, 0x00000000c6000000, 0x00000000eab00000)
  object space 98304K, 72% used [0x00000000c0000000,0x00000000c4571e50,0x00000000c6000000)
 Metaspace       used 74870K, capacity 78278K, committed 83072K, reserved 1120256K
  class space    used 9735K, capacity 10834K, committed 12416K, reserved 1048576K
}
Event: 41704.885 GC heap before
{Heap before GC invocations=34 (full 7):
 PSYoungGen      total 196096K, used 153600K [0x00000000eab00000, 0x00000000f9700000, 0x0000000100000000)
  eden space 153600K, 100% used [0x00000000eab00000,0x00000000f4100000,0x00000000f4100000)
  from space 42496K, 0% used [0x00000000f6b80000,0x00000000f6b80000,0x00000000f9500000)
  to   space 43520K, 0% used [0x00000000f4100000,0x00000000f4100000,0x00000000f6b80000)
 ParOldGen       total 98304K, used 71111K [0x00000000c0000000, 0x00000000c6000000, 0x00000000eab00000)
  object space 98304K, 72% used [0x00000000c0000000,0x00000000c4571e50,0x00000000c6000000)
 Metaspace       used 79822K, capacity 83774K, committed 86272K, reserved 1122304K
  class space    used 10433K, capacity 11756K, committed 12544K, reserved 1048576K
Event: 41704.924 GC heap after
Heap after GC invocations=34 (full 7):
 PSYoungGen      total 197120K, used 23511K [0x00000000eab00000, 0x00000000f9a80000, 0x0000000100000000)
  eden space 153600K, 0% used [0x00000000eab00000,0x00000000eab00000,0x00000000f4100000)
  from space 43520K, 54% used [0x00000000f4100000,0x00000000f57f5db8,0x00000000f6b80000)
  to   space 43008K, 0% used [0x00000000f7080000,0x00000000f7080000,0x00000000f9a80000)
 ParOldGen       total 98304K, used 71119K [0x00000000c0000000, 0x00000000c6000000, 0x00000000eab00000)
  object space 98304K, 72% used [0x00000000c0000000,0x00000000c4573e50,0x00000000c6000000)
 Metaspace       used 79822K, capacity 83774K, committed 86272K, reserved 1122304K
  class space    used 10433K, capacity 11756K, committed 12544K, reserved 1048576K
}

